  Game.cpp
C:\Visual Studio Projects\Meteor Shower\Meteor Shower\Game.cpp(239,27): warning C4018: '<': signed/unsigned mismatch
C:\Visual Studio Projects\Meteor Shower\Meteor Shower\Game.cpp(253,20): warning C4018: '<': signed/unsigned mismatch
  main.cpp
Game.obj : error LNK2001: unresolved external symbol "public: static class sf::RenderStates const sf::RenderStates::Default" (?Default@RenderStates@sf@@2V12@B)
Game.obj : error LNK2001: unresolved external symbol "public: class sf::Time __thiscall sf::Clock::getElapsedTime(void)const " (?getElapsedTime@Clock@sf@@QBE?AVTime@2@XZ)
Game.obj : error LNK2001: unresolved external symbol "public: __thiscall sf::Clock::Clock(void)" (??0Clock@sf@@QAE@XZ)
Game.obj : error LNK2001: unresolved external symbol "public: static class sf::Color const sf::Color::White" (?White@Color@sf@@2V12@B)
Game.obj : error LNK2001: unresolved external symbol "public: void __thiscall sf::CircleShape::setRadius(float)" (?setRadius@CircleShape@sf@@QAEXM@Z)
Game.obj : error LNK2001: unresolved external symbol "public: __thiscall sf::CircleShape::CircleShape(float,unsigned int)" (??0CircleShape@sf@@QAE@MI@Z)
Game.obj : error LNK2001: unresolved external symbol "public: float __thiscall sf::Time::asSeconds(void)const " (?asSeconds@Time@sf@@QBEMXZ)
Game.obj : error LNK2001: unresolved external symbol "public: void __thiscall sf::Transformable::rotate(float)" (?rotate@Transformable@sf@@QAEXM@Z)
Game.obj : error LNK2001: unresolved external symbol "public: void __thiscall sf::Transformable::move(float,float)" (?move@Transformable@sf@@QAEXMM@Z)
Game.obj : error LNK2001: unresolved external symbol "public: class sf::Vector2<float> const & __thiscall sf::Transformable::getScale(void)const " (?getScale@Transformable@sf@@QBEABV?$Vector2@M@2@XZ)
Game.obj : error LNK2001: unresolved external symbol "public: class sf::Vector2<float> const & __thiscall sf::Transformable::getPosition(void)const " (?getPosition@Transformable@sf@@QBEABV?$Vector2@M@2@XZ)
Game.obj : error LNK2001: unresolved external symbol "public: void __thiscall sf::Transformable::setOrigin(float,float)" (?setOrigin@Transformable@sf@@QAEXMM@Z)
Game.obj : error LNK2001: unresolved external symbol "public: void __thiscall sf::Transformable::setPosition(float,float)" (?setPosition@Transformable@sf@@QAEXMM@Z)
Game.obj : error LNK2001: unresolved external symbol "public: virtual __thiscall sf::Transformable::~Transformable(void)" (??1Transformable@sf@@UAE@XZ)
Game.obj : error LNK2001: unresolved external symbol "public: void __thiscall sf::Texture::setSmooth(bool)" (?setSmooth@Texture@sf@@QAEX_N@Z)
Game.obj : error LNK2001: unresolved external symbol "public: bool __thiscall sf::Texture::loadFromFile(class std::basic_string<char,struct std::char_traits<char>,class std::allocator<char> > const &,class sf::Rect<int> const &)" (?loadFromFile@Texture@sf@@QAE_NABV?$basic_string@DU?$char_traits@D@std@@V?$allocator@D@2@@std@@ABV?$Rect@H@2@@Z)
Game.obj : error LNK2001: unresolved external symbol "public: __thiscall sf::Texture::~Texture(void)" (??1Texture@sf@@QAE@XZ)
Game.obj : error LNK2001: unresolved external symbol "public: __thiscall sf::Texture::Texture(void)" (??0Texture@sf@@QAE@XZ)
Game.obj : error LNK2001: unresolved external symbol "public: bool __thiscall sf::Font::loadFromFile(class std::basic_string<char,struct std::char_traits<char>,class std::allocator<char> > const &)" (?loadFromFile@Font@sf@@QAE_NABV?$basic_string@DU?$char_traits@D@std@@V?$allocator@D@2@@std@@@Z)
Game.obj : error LNK2001: unresolved external symbol "public: __thiscall sf::Font::~Font(void)" (??1Font@sf@@QAE@XZ)
Game.obj : error LNK2001: unresolved external symbol "public: __thiscall sf::Font::Font(void)" (??0Font@sf@@QAE@XZ)
Game.obj : error LNK2001: unresolved external symbol "public: __thiscall sf::RenderWindow::RenderWindow(class sf::VideoMode,class sf::String const &,unsigned int,struct sf::ContextSettings const &)" (??0RenderWindow@sf@@QAE@VVideoMode@1@ABVString@1@IABUContextSettings@1@@Z)
Game.obj : error LNK2001: unresolved external symbol "public: __thiscall sf::Color::Color(unsigned char,unsigned char,unsigned char,unsigned char)" (??0Color@sf@@QAE@EEEE@Z)
Game.obj : error LNK2001: unresolved external symbol "public: bool __thiscall sf::SoundBuffer::loadFromFile(class std::basic_string<char,struct std::char_traits<char>,class std::allocator<char> > const &)" (?loadFromFile@SoundBuffer@sf@@QAE_NABV?$basic_string@DU?$char_traits@D@std@@V?$allocator@D@2@@std@@@Z)
Game.obj : error LNK2001: unresolved external symbol "public: __thiscall sf::SoundBuffer::~SoundBuffer(void)" (??1SoundBuffer@sf@@QAE@XZ)
Game.obj : error LNK2001: unresolved external symbol "public: __thiscall sf::SoundBuffer::SoundBuffer(void)" (??0SoundBuffer@sf@@QAE@XZ)
Game.obj : error LNK2001: unresolved external symbol "public: void __thiscall sf::Sound::setBuffer(class sf::SoundBuffer const &)" (?setBuffer@Sound@sf@@QAEXABVSoundBuffer@2@@Z)
Game.obj : error LNK2001: unresolved external symbol "public: virtual __thiscall sf::Sound::~Sound(void)" (??1Sound@sf@@UAE@XZ)
Game.obj : error LNK2001: unresolved external symbol "public: __thiscall sf::Sound::Sound(void)" (??0Sound@sf@@QAE@XZ)
Game.obj : error LNK2001: unresolved external symbol "public: static class sf::Color const sf::Color::Black" (?Black@Color@sf@@2V12@B)
Game.obj : error LNK2001: unresolved external symbol "public: static class sf::Color const sf::Color::Yellow" (?Yellow@Color@sf@@2V12@B)
Game.obj : error LNK2001: unresolved external symbol "public: void __thiscall sf::Window::display(void)" (?display@Window@sf@@QAEXXZ)
Game.obj : error LNK2001: unresolved external symbol "public: void __thiscall sf::Window::setFramerateLimit(unsigned int)" (?setFramerateLimit@Window@sf@@QAEXI@Z)
Game.obj : error LNK2001: unresolved external symbol "public: bool __thiscall sf::Window::pollEvent(class sf::Event &)" (?pollEvent@Window@sf@@QAE_NAAVEvent@2@@Z)
Game.obj : error LNK2001: unresolved external symbol "public: bool __thiscall sf::Window::isOpen(void)const " (?isOpen@Window@sf@@QBE_NXZ)
Game.obj : error LNK2001: unresolved external symbol "public: void __thiscall sf::Window::close(void)" (?close@Window@sf@@QAEXXZ)
Game.obj : error LNK2001: unresolved external symbol "public: void __thiscall sf::RenderTarget::draw(class sf::Drawable const &,class sf::RenderStates const &)" (?draw@RenderTarget@sf@@QAEXABVDrawable@2@ABVRenderStates@2@@Z)
Game.obj : error LNK2001: unresolved external symbol "public: class sf::Vector2<float> __thiscall sf::RenderTarget::mapPixelToCoords(class sf::Vector2<int> const &)const " (?mapPixelToCoords@RenderTarget@sf@@QBE?AV?$Vector2@M@2@ABV?$Vector2@H@2@@Z)
Game.obj : error LNK2001: unresolved external symbol "public: void __thiscall sf::RenderTarget::clear(class sf::Color const &)" (?clear@RenderTarget@sf@@QAEXABVColor@2@@Z)
Game.obj : error LNK2001: unresolved external symbol "public: static bool __cdecl sf::Keyboard::isKeyPressed(enum sf::Keyboard::Key)" (?isKeyPressed@Keyboard@sf@@SA_NW4Key@12@@Z)
Game.obj : error LNK2001: unresolved external symbol "public: class sf::Rect<float> __thiscall sf::Shape::getGlobalBounds(void)const " (?getGlobalBounds@Shape@sf@@QBE?AV?$Rect@M@2@XZ)
Game.obj : error LNK2001: unresolved external symbol "public: void __thiscall sf::Shape::setFillColor(class sf::Color const &)" (?setFillColor@Shape@sf@@QAEXABVColor@2@@Z)
Game.obj : error LNK2001: unresolved external symbol "public: virtual __thiscall sf::Shape::~Shape(void)" (??1Shape@sf@@UAE@XZ)
Game.obj : error LNK2001: unresolved external symbol "public: __thiscall sf::String::String(char const *,class std::locale const &)" (??0String@sf@@QAE@PBDABVlocale@std@@@Z)
Game.obj : error LNK2001: unresolved external symbol "public: __thiscall sf::String::String(class std::basic_string<char,struct std::char_traits<char>,class std::allocator<char> > const &,class std::locale const &)" (??0String@sf@@QAE@ABV?$basic_string@DU?$char_traits@D@std@@V?$allocator@D@2@@std@@ABVlocale@3@@Z)
Game.obj : error LNK2001: unresolved external symbol "public: void __thiscall sf::RectangleShape::setSize(class sf::Vector2<float> const &)" (?setSize@RectangleShape@sf@@QAEXABV?$Vector2@M@2@@Z)
Game.obj : error LNK2001: unresolved external symbol "public: __thiscall sf::RectangleShape::RectangleShape(class sf::Vector2<float> const &)" (??0RectangleShape@sf@@QAE@ABV?$Vector2@M@1@@Z)
Game.obj : error LNK2001: unresolved external symbol "public: __thiscall sf::VideoMode::VideoMode(void)" (??0VideoMode@sf@@QAE@XZ)
Game.obj : error LNK2001: unresolved external symbol "private: virtual void __thiscall sf::Sprite::draw(class sf::RenderTarget &,class sf::RenderStates)const " (?draw@Sprite@sf@@EBEXAAVRenderTarget@2@VRenderStates@2@@Z)
Game.obj : error LNK2001: unresolved external symbol "public: class sf::Rect<float> __thiscall sf::Sprite::getGlobalBounds(void)const " (?getGlobalBounds@Sprite@sf@@QBE?AV?$Rect@M@2@XZ)
Game.obj : error LNK2001: unresolved external symbol "public: void __thiscall sf::Sprite::setTexture(class sf::Texture const &,bool)" (?setTexture@Sprite@sf@@QAEXABVTexture@2@_N@Z)
Game.obj : error LNK2001: unresolved external symbol "public: __thiscall sf::Sprite::Sprite(void)" (??0Sprite@sf@@QAE@XZ)
Game.obj : error LNK2001: unresolved external symbol "public: void __thiscall sf::Text::setOutlineThickness(float)" (?setOutlineThickness@Text@sf@@QAEXM@Z)
Game.obj : error LNK2001: unresolved external symbol "public: void __thiscall sf::Text::setFillColor(class sf::Color const &)" (?setFillColor@Text@sf@@QAEXABVColor@2@@Z)
Game.obj : error LNK2001: unresolved external symbol "public: void __thiscall sf::Text::setCharacterSize(unsigned int)" (?setCharacterSize@Text@sf@@QAEXI@Z)
Game.obj : error LNK2001: unresolved external symbol "public: void __thiscall sf::Text::setFont(class sf::Font const &)" (?setFont@Text@sf@@QAEXABVFont@2@@Z)
Game.obj : error LNK2001: unresolved external symbol "public: void __thiscall sf::Text::setString(class sf::String const &)" (?setString@Text@sf@@QAEXABVString@2@@Z)
Game.obj : error LNK2001: unresolved external symbol "public: __thiscall sf::Text::Text(void)" (??0Text@sf@@QAE@XZ)
Game.obj : error LNK2001: unresolved external symbol "public: static class sf::Vector2<int> __cdecl sf::Mouse::getPosition(class sf::Window const &)" (?getPosition@Mouse@sf@@SA?AV?$Vector2@H@2@ABVWindow@2@@Z)
C:\Visual Studio Projects\Meteor Shower\Release\Meteor Shower.exe : fatal error LNK1120: 59 unresolved externals
